<?xml version="1.0" encoding="UTF-8"?>
<testsuite name="com.example.ebsma.basic.ExampleUnitTest" tests="1" skipped="0" failures="0" errors="0" timestamp="2020-04-29T07:28:00" hostname="DESKTOP-F6UOS7A" time="0.0">
  <properties/>
  <testcase name="addition_isCorrect" classname="com.example.ebsma.basic.ExampleUnitTest" time="0.0"/>
  <system-out><![CDATA[]]></system-out>
  <system-err><![CDATA[]]></system-err>
</testsuite>
